0 info it worked if it ends with ok
1 verbose cli [ 'C:\\Program Files\\nodejs\\\\node.exe',
1 verbose cli   'C:\\Program Files\\nodejs\\node_modules\\npm\\bin\\npm-cli.js',
1 verbose cli   'install',
1 verbose cli   '-g',
1 verbose cli   'stylus' ]
2 info using npm@1.4.28
3 info using node@v0.10.35
4 verbose node symlink C:\Program Files\nodejs\\node.exe
5 verbose cache add [ 'stylus', null ]
6 verbose cache add name=undefined spec="stylus" args=["stylus",null]
7 verbose parsed url { protocol: null,
7 verbose parsed url   slashes: null,
7 verbose parsed url   auth: null,
7 verbose parsed url   host: null,
7 verbose parsed url   port: null,
7 verbose parsed url   hostname: null,
7 verbose parsed url   hash: null,
7 verbose parsed url   search: null,
7 verbose parsed url   query: null,
7 verbose parsed url   pathname: 'stylus',
7 verbose parsed url   path: 'stylus',
7 verbose parsed url   href: 'stylus' }
8 silly lockFile 27c0f414-stylus stylus
9 verbose lock stylus C:\Users\dwarakesh.v\AppData\Roaming\npm-cache\27c0f414-stylus.lock
10 silly lockFile 27c0f414-stylus stylus
11 silly lockFile 27c0f414-stylus stylus
12 verbose addNamed [ 'stylus', '' ]
13 verbose addNamed [ null, '*' ]
14 silly lockFile 5140332e-stylus stylus@
15 verbose lock stylus@ C:\Users\dwarakesh.v\AppData\Roaming\npm-cache\5140332e-stylus.lock
16 silly addNameRange { name: 'stylus', range: '*', hasData: false }
17 verbose request where is /stylus
18 verbose request registry https://registry.npmjs.org/
19 verbose request id 7d1a35bfcdd5d45d
20 verbose url raw /stylus
21 verbose url resolving [ 'https://registry.npmjs.org/', './stylus' ]
22 verbose url resolved https://registry.npmjs.org/stylus
23 verbose request where is https://registry.npmjs.org/stylus
24 info trying registry request attempt 1 at 11:35:16
25 verbose etag "4G17UAGVYX56RDTB0KOG44O76"
26 http GET https://registry.npmjs.org/stylus
27 info retry will retry, error on last attempt: Error: connect ETIMEDOUT
28 info trying registry request attempt 2 at 11:35:47
29 verbose etag "4G17UAGVYX56RDTB0KOG44O76"
30 http GET https://registry.npmjs.org/stylus
31 info retry will retry, error on last attempt: Error: connect ETIMEDOUT
32 info trying registry request attempt 3 at 11:37:08
33 verbose etag "4G17UAGVYX56RDTB0KOG44O76"
34 http GET https://registry.npmjs.org/stylus
35 silly registry.get cb [ 304, undefined ]
36 verbose etag https://registry.npmjs.org/stylus from cache
37 silly addNameRange number 2 { name: 'stylus', range: '*', hasData: true }
38 silly addNameRange versions [ 'stylus',
38 silly addNameRange   [ '0.0.1',
38 silly addNameRange     '0.0.2',
38 silly addNameRange     '0.1.0',
38 silly addNameRange     '0.2.0',
38 silly addNameRange     '0.2.1',
38 silly addNameRange     '0.3.0',
38 silly addNameRange     '0.3.1',
38 silly addNameRange     '0.4.0',
38 silly addNameRange     '0.4.1',
38 silly addNameRange     '0.5.0',
38 silly addNameRange     '0.5.1',
38 silly addNameRange     '0.5.2',
38 silly addNameRange     '0.5.3',
38 silly addNameRange     '0.6.0',
38 silly addNameRange     '0.6.2',
38 silly addNameRange     '0.6.3',
38 silly addNameRange     '0.6.4',
38 silly addNameRange     '0.6.5',
38 silly addNameRange     '0.6.6',
38 silly addNameRange     '0.6.7',
38 silly addNameRange     '0.7.0',
38 silly addNameRange     '0.7.1',
38 silly addNameRange     '0.7.2',
38 silly addNameRange     '0.7.3',
38 silly addNameRange     '0.7.4',
38 silly addNameRange     '0.8.0',
38 silly addNameRange     '0.9.0',
38 silly addNameRange     '0.9.1',
38 silly addNameRange     '0.9.2',
38 silly addNameRange     '0.10.0',
38 silly addNameRange     '0.11.0',
38 silly addNameRange     '0.11.1',
38 silly addNameRange     '0.11.2',
38 silly addNameRange     '0.11.3',
38 silly addNameRange     '0.11.4',
38 silly addNameRange     '0.11.5',
38 silly addNameRange     '0.11.6',
38 silly addNameRange     '0.11.7',
38 silly addNameRange     '0.11.8',
38 silly addNameRange     '0.11.9',
38 silly addNameRange     '0.11.10',
38 silly addNameRange     '0.11.11',
38 silly addNameRange     '0.11.12',
38 silly addNameRange     '0.12.0',
38 silly addNameRange     '0.12.1',
38 silly addNameRange     '0.12.2',
38 silly addNameRange     '0.12.3',
38 silly addNameRange     '0.12.4',
38 silly addNameRange     '0.13.0',
38 silly addNameRange     '0.13.1',
38 silly addNameRange     '0.13.2',
38 silly addNameRange     '0.13.3',
38 silly addNameRange     '0.13.4',
38 silly addNameRange     '0.13.5',
38 silly addNameRange     '0.13.6',
38 silly addNameRange     '0.13.7',
38 silly addNameRange     '0.13.8',
38 silly addNameRange     '0.13.9',
38 silly addNameRange     '0.14.0',
38 silly addNameRange     '0.15.0',
38 silly addNameRange     '0.15.1',
38 silly addNameRange     '0.15.2',
38 silly addNameRange     '0.15.3',
38 silly addNameRange     '0.15.4',
38 silly addNameRange     '0.16.0',
38 silly addNameRange     '0.17.0',
38 silly addNameRange     '0.18.0',
38 silly addNameRange     '0.19.0',
38 silly addNameRange     '0.19.1',
38 silly addNameRange     '0.19.2',
38 silly addNameRange     '0.19.3',
38 silly addNameRange     '0.19.4',
38 silly addNameRange     '0.19.5',
38 silly addNameRange     '0.19.6',
38 silly addNameRange     '0.19.7',
38 silly addNameRange     '0.19.8',
38 silly addNameRange     '0.20.0',
38 silly addNameRange     '0.20.1',
38 silly addNameRange     '0.21.0',
38 silly addNameRange     '0.21.1',
38 silly addNameRange     '0.21.2',
38 silly addNameRange     '0.22.0',
38 silly addNameRange     '0.22.1',
38 silly addNameRange     '0.22.2',
38 silly addNameRange     '0.22.3',
38 silly addNameRange     '0.22.4',
38 silly addNameRange     '0.22.5',
38 silly addNameRange     '0.22.6',
38 silly addNameRange     '0.23.0',
38 silly addNameRange     '0.24.0',
38 silly addNameRange     '0.25.0',
38 silly addNameRange     '0.26.0',
38 silly addNameRange     '0.26.1',
38 silly addNameRange     '0.27.0',
38 silly addNameRange     '0.27.1',
38 silly addNameRange     '0.27.2',
38 silly addNameRange     '0.28.0',
38 silly addNameRange     '0.28.1',
38 silly addNameRange     '0.28.2',
38 silly addNameRange     '0.29.0',
38 silly addNameRange     '0.30.0',
38 silly addNameRange     '0.30.1',
38 silly addNameRange     '0.31.0',
38 silly addNameRange     '0.32.0',
38 silly addNameRange     '0.32.1',
38 silly addNameRange     '0.33.0',
38 silly addNameRange     '0.33.1',
38 silly addNameRange     '0.34.0',
38 silly addNameRange     '0.34.1',
38 silly addNameRange     '0.35.0',
38 silly addNameRange     '0.35.1',
38 silly addNameRange     '0.36.0',
38 silly addNameRange     '0.36.1',
38 silly addNameRange     '0.37.0',
38 silly addNameRange     '0.38.0',
38 silly addNameRange     '0.39.0',
38 silly addNameRange     '0.39.1',
38 silly addNameRange     '0.39.2',
38 silly addNameRange     '0.39.3',
38 silly addNameRange     '0.39.4',
38 silly addNameRange     '0.40.0',
38 silly addNameRange     '0.40.1',
38 silly addNameRange     '0.40.2',
38 silly addNameRange     '0.40.3',
38 silly addNameRange     '0.41.0',
38 silly addNameRange     '0.41.1',
38 silly addNameRange     '0.41.2',
38 silly addNameRange     '0.41.3',
38 silly addNameRange     '0.42.0',
38 silly addNameRange     '0.42.1',
38 silly addNameRange     '0.42.2',
38 silly addNameRange     '0.42.3',
38 silly addNameRange     '0.43.0',
38 silly addNameRange     '0.44.0-beta',
38 silly addNameRange     '0.43.1',
38 silly addNameRange     '0.44.0-beta2',
38 silly addNameRange     '0.44.0-beta3',
38 silly addNameRange     '0.44.0',
38 silly addNameRange     '0.45.0',
38 silly addNameRange     '0.45.1',
38 silly addNameRange     '0.46.0',
38 silly addNameRange     '0.46.1',
38 silly addNameRange     '0.46.2',
38 silly addNameRange     '0.46.3',
38 silly addNameRange     '0.47.0',
38 silly addNameRange     '0.47.1',
38 silly addNameRange     '0.47.2',
38 silly addNameRange     '0.47.3',
38 silly addNameRange     '0.48.0',
38 silly addNameRange     '0.48.1',
38 silly addNameRange     '0.49.0',
38 silly addNameRange     '0.49.1',
38 silly addNameRange     '0.49.2',
38 silly addNameRange     '0.49.3',
38 silly addNameRange     '0.50.0' ] ]
39 verbose addNamed [ 'stylus', '0.50.0' ]
40 verbose addNamed [ '0.50.0', '0.50.0' ]
41 silly lockFile d62b8ad9-stylus-0-50-0 stylus@0.50.0
42 verbose lock stylus@0.50.0 C:\Users\dwarakesh.v\AppData\Roaming\npm-cache\d62b8ad9-stylus-0-50-0.lock
43 silly lockFile f0329472-mjs-org-stylus-stylus-0-50-0-tgz https://registry.npmjs.org/stylus/-/stylus-0.50.0.tgz
44 verbose lock https://registry.npmjs.org/stylus/-/stylus-0.50.0.tgz C:\Users\dwarakesh.v\AppData\Roaming\npm-cache\f0329472-mjs-org-stylus-stylus-0-50-0-tgz.lock
45 verbose addRemoteTarball [ 'https://registry.npmjs.org/stylus/-/stylus-0.50.0.tgz',
45 verbose addRemoteTarball   '2391f0df1ce1dde55a5a8df26b6906a9425ced05' ]
46 info retry fetch attempt 1 at 11:37:29
47 verbose fetch to= C:\Users\DWARAK~1.V\AppData\Local\Temp\npm-6308-TQlHcDzk\registry.npmjs.org\stylus\-\stylus-0.50.0.tgz
48 http GET https://registry.npmjs.org/stylus/-/stylus-0.50.0.tgz
49 error fetch failed https://registry.npmjs.org/stylus/-/stylus-0.50.0.tgz
50 info retry will retry, error on last attempt: Error: read ECONNRESET
51 info retry fetch attempt 2 at 11:40:42
52 verbose fetch to= C:\Users\DWARAK~1.V\AppData\Local\Temp\npm-6308-TQlHcDzk\registry.npmjs.org\stylus\-\stylus-0.50.0.tgz
53 http GET https://registry.npmjs.org/stylus/-/stylus-0.50.0.tgz
54 error fetch failed https://registry.npmjs.org/stylus/-/stylus-0.50.0.tgz
55 info retry will retry, error on last attempt: Error: connect ETIMEDOUT
56 info retry fetch attempt 3 at 11:42:03
57 verbose fetch to= C:\Users\DWARAK~1.V\AppData\Local\Temp\npm-6308-TQlHcDzk\registry.npmjs.org\stylus\-\stylus-0.50.0.tgz
58 http GET https://registry.npmjs.org/stylus/-/stylus-0.50.0.tgz
59 error fetch failed https://registry.npmjs.org/stylus/-/stylus-0.50.0.tgz
60 silly lockFile f0329472-mjs-org-stylus-stylus-0-50-0-tgz https://registry.npmjs.org/stylus/-/stylus-0.50.0.tgz
61 silly lockFile f0329472-mjs-org-stylus-stylus-0-50-0-tgz https://registry.npmjs.org/stylus/-/stylus-0.50.0.tgz
62 silly lockFile d62b8ad9-stylus-0-50-0 stylus@0.50.0
63 silly lockFile d62b8ad9-stylus-0-50-0 stylus@0.50.0
64 silly lockFile 5140332e-stylus stylus@
65 silly lockFile 5140332e-stylus stylus@
66 error network connect ETIMEDOUT
66 error network This is most likely not a problem with npm itself
66 error network and is related to network connectivity.
66 error network In most cases you are behind a proxy or have bad network settings.
66 error network
66 error network If you are behind a proxy, please make sure that the
66 error network 'proxy' config is set properly.  See: 'npm help config'
67 error System Windows_NT 6.1.7601
68 error command "C:\\Program Files\\nodejs\\\\node.exe" "C:\\Program Files\\nodejs\\node_modules\\npm\\bin\\npm-cli.js" "install" "-g" "stylus"
69 error cwd C:\Users\dwarakesh.v\Desktop\nodeio
70 error node -v v0.10.35
71 error npm -v 1.4.28
72 error syscall connect
73 error code ETIMEDOUT
74 error errno ETIMEDOUT
75 verbose exit [ 1, true ]
